app/build/intermediates/manifest_merge_blame_file/debug/manifest-merger-blame-debug-report.txt
1<?xml version="1.0" encoding="utf-8"?>
2<manifest xmlns:android="http://schemas.android.com/apk/res/android"
3    package="md.statistica.ipc.ipcm_v01"
4    android:versionCode="1"
5    android:versionName="1" >
6
7    <uses-sdk
8        android:minSdkVersion="22"
8-->src\main\AndroidManifest.xml
9        android:targetSdkVersion="30" />
9-->src\main\AndroidManifest.xml
10
11    <uses-permission
11-->src\main\AndroidManifest.xml:11:5-18:11
12        android:name="android.permission.WRITE_EXTERNAL_STORAGE"
12-->src\main\AndroidManifest.xml:12:9-65
13        android:maxSdkVersion="30" />
13-->src\main\AndroidManifest.xml:14:9-35
14
15    <application
15-->src\main\AndroidManifest.xml:21:5-51:19
16        android:allowBackup="true"
16-->src\main\AndroidManifest.xml:23:9-35
17        android:appComponentFactory="androidx.core.app.CoreComponentFactory"
17-->[androidx.core:core:1.0.0] AndroidManifest.xml:22:18-86
18        android:debuggable="true"
19        android:icon="@drawable/ic_launcher"
19-->src\main\AndroidManifest.xml:24:9-45
20        android:label="@string/app_name"
20-->src\main\AndroidManifest.xml:25:9-41
21        android:testOnly="true"
22        android:theme="@style/AppTheme" >
22-->src\main\AndroidManifest.xml:27:9-40
23        <activity
23-->src\main\AndroidManifest.xml:28:9-33:20
24            android:name="md.statistica.ipc.ipcm_v01.MainActivity"
24-->src\main\AndroidManifest.xml:28:52-106
25            android:label="@string/app_name"
25-->src\main\AndroidManifest.xml:28:19-51
26            android:screenOrientation="portrait" >
26-->src\main\AndroidManifest.xml:28:107-143
27            <intent-filter
27-->src\main\AndroidManifest.xml:29:13-32:29
28                android:icon="@drawable/ic_launcher"
28-->src\main\AndroidManifest.xml:29:28-64
29                android:label="@string/app_name" >
29-->src\main\AndroidManifest.xml:29:65-97
30                <action android:name="android.intent.action.MAIN" />
30-->src\main\AndroidManifest.xml:30:17-68
30-->src\main\AndroidManifest.xml:30:25-66
31
32                <category android:name="android.intent.category.LAUNCHER" />
32-->src\main\AndroidManifest.xml:31:17-76
32-->src\main\AndroidManifest.xml:31:27-74
33            </intent-filter>
34        </activity>
35        <!-- created by programator152 at 2013-07-15 12:38:58 -->
36        <activity
36-->src\main\AndroidManifest.xml:35:9-206
37            android:name="md.statistica.ipc.ipcm_v01.MainActivityFind"
37-->src\main\AndroidManifest.xml:35:19-77
38            android:label="@string/dialog_find"
38-->src\main\AndroidManifest.xml:35:122-157
39            android:screenOrientation="portrait"
39-->src\main\AndroidManifest.xml:35:158-194
40            android:theme="@android:style/Theme.Dialog" />
40-->src\main\AndroidManifest.xml:35:78-121
41        <activity
41-->src\main\AndroidManifest.xml:37:9-156
42            android:name="md.statistica.ipc.ipcm_v01.DialogImport"
42-->src\main\AndroidManifest.xml:37:19-73
43            android:label="@string/dialog_import_title"
43-->src\main\AndroidManifest.xml:37:74-117
44            android:screenOrientation="portrait" />
44-->src\main\AndroidManifest.xml:37:118-154
45        <activity
45-->src\main\AndroidManifest.xml:37:156-313
46            android:name="md.statistica.ipc.ipcm_v01.DialogExport"
46-->src\main\AndroidManifest.xml:37:166-220
47            android:label="@string/dialog_export_title"
47-->src\main\AndroidManifest.xml:37:221-264
48            android:screenOrientation="portrait" />
48-->src\main\AndroidManifest.xml:37:265-301
49        <activity
49-->src\main\AndroidManifest.xml:39:9-216
50            android:name="md.statistica.ipc.ipcm_v01.DialogAuthorize"
50-->src\main\AndroidManifest.xml:39:19-76
51            android:label="@string/dialog_authorize_title"
51-->src\main\AndroidManifest.xml:39:77-123
52            android:screenOrientation="portrait"
52-->src\main\AndroidManifest.xml:39:168-204
53            android:theme="@android:style/Theme.Dialog" />
53-->src\main\AndroidManifest.xml:39:124-167
54        <activity
54-->src\main\AndroidManifest.xml:40:9-168
55            android:name="md.statistica.ipc.ipcm_v01.DialogRegUnit"
55-->src\main\AndroidManifest.xml:40:19-74
56            android:label="@string/dialog_regunit_title"
56-->src\main\AndroidManifest.xml:40:75-119
57            android:screenOrientation="portrait" />
57-->src\main\AndroidManifest.xml:40:120-156
58        <activity
58-->src\main\AndroidManifest.xml:41:9-207
59            android:name="md.statistica.ipc.ipcm_v01.DialogRegUnitFind"
59-->src\main\AndroidManifest.xml:41:19-78
60            android:label="@string/dialog_find"
60-->src\main\AndroidManifest.xml:41:123-158
61            android:screenOrientation="portrait"
61-->src\main\AndroidManifest.xml:41:159-195
62            android:theme="@android:style/Theme.Dialog" />
62-->src\main\AndroidManifest.xml:41:79-122
63        <activity
63-->src\main\AndroidManifest.xml:42:9-206
64            android:name="md.statistica.ipc.ipcm_v01.DialogMenu"
64-->src\main\AndroidManifest.xml:42:19-71
65            android:label="@string/dialog_menu_title"
65-->src\main\AndroidManifest.xml:42:116-157
66            android:screenOrientation="portrait"
66-->src\main\AndroidManifest.xml:42:158-194
67            android:theme="@android:style/Theme.Dialog" />
67-->src\main\AndroidManifest.xml:42:72-115
68        <activity
68-->src\main\AndroidManifest.xml:43:9-210
69            android:name="md.statistica.ipc.ipcm_v01.DialogPeriod"
69-->src\main\AndroidManifest.xml:43:19-73
70            android:label="@string/dialog_period_title"
70-->src\main\AndroidManifest.xml:43:118-161
71            android:screenOrientation="portrait"
71-->src\main\AndroidManifest.xml:43:162-198
72            android:theme="@android:style/Theme.Dialog" />
72-->src\main\AndroidManifest.xml:43:74-117
73        <activity
73-->src\main\AndroidManifest.xml:45:9-212
74            android:name="md.statistica.ipc.ipcm_v01.DialogComment"
74-->src\main\AndroidManifest.xml:45:19-74
75            android:label="@string/dialog_comment_title"
75-->src\main\AndroidManifest.xml:45:75-119
76            android:screenOrientation="portrait"
76-->src\main\AndroidManifest.xml:45:164-200
77            android:theme="@android:style/Theme.Dialog" />
77-->src\main\AndroidManifest.xml:45:120-163
78        <activity
78-->src\main\AndroidManifest.xml:46:9-174
79            android:name="md.statistica.ipc.ipcm_v01.DialogAssortment"
79-->src\main\AndroidManifest.xml:46:19-77
80            android:label="@string/dialog_assortment_title"
80-->src\main\AndroidManifest.xml:46:78-125
81            android:screenOrientation="portrait" />
81-->src\main\AndroidManifest.xml:46:126-162
82        <activity
82-->src\main\AndroidManifest.xml:47:9-221
83            android:name="md.statistica.ipc.ipcm_v01.DialogAsrtProduct"
83-->src\main\AndroidManifest.xml:47:19-78
84            android:label="@string/dialog_asrt_product_title"
84-->src\main\AndroidManifest.xml:47:123-172
85            android:screenOrientation="portrait"
85-->src\main\AndroidManifest.xml:47:173-209
86            android:theme="@android:style/Theme.Dialog" />
86-->src\main\AndroidManifest.xml:47:79-122
87        <activity
87-->src\main\AndroidManifest.xml:48:9-221
88            android:name="md.statistica.ipc.ipcm_v01.DialogAsrtCountry"
88-->src\main\AndroidManifest.xml:48:19-78
89            android:label="@string/dialog_asrt_country_title"
89-->src\main\AndroidManifest.xml:48:123-172
90            android:screenOrientation="portrait"
90-->src\main\AndroidManifest.xml:48:173-209
91            android:theme="@android:style/Theme.Dialog" />
91-->src\main\AndroidManifest.xml:48:79-122
92        <activity
92-->src\main\AndroidManifest.xml:49:9-173
93            android:name="md.statistica.ipc.ipcm_v01.DialogClearData"
93-->src\main\AndroidManifest.xml:49:19-76
94            android:label="@string/dialog_clear_data_title"
94-->src\main\AndroidManifest.xml:49:77-124
95            android:screenOrientation="portrait" />
95-->src\main\AndroidManifest.xml:49:125-161
96    </application>
97
98</manifest>